
                                      ARENA Simulation Results
                             lvillar56@alumno.uned.es - License: STUDENT

                                  Summary for Replication 1 of 10

Project: Kanban optimisation                                         Run execution date : 2/27/2017
Analyst: lvillar56@alumno.uned.es                                    Model revision date: 2/27/2017

Replication ended at time      : 24.0 Hours 
Base Time Units: Hours

                                           TALLY VARIABLES

Identifier                                  Average   Half Width  Minimum    Maximum   Observations
___________________________________________________________________________________________________

Projects.VATime                             6.8845     (Insuf)    4.7510     17.155         15    
Projects.NVATime                            .00000     (Insuf)    .00000     .00000         15    
Projects.WaitTime                           2.6081     (Insuf)    .00000     4.9632         15    
Projects.TranTime                           .00000     (Insuf)    .00000     .00000         15    
Projects.OtherTime                          .00000     (Insuf)    .00000     .00000         15    
Projects.TotalTime                          9.4926     (Insuf)    4.9558     18.691         15    
IdStakeholder.Queue.WaitingTime             2.6580     (Insuf)    .00000     4.9632         24    

                                     DISCRETE-CHANGE VARIABLES

Identifier                                  Average   Half Width  Minimum    Maximum   Final Value
___________________________________________________________________________________________________

Projects.WIP                                8.6661     (Insuf)    .00000     13.000     11.000    
SE Manager.NumberBusy                       .96333     (Insuf)    .00000     1.0000     1.0000    
SE Manager.NumberScheduled                  1.0000     (Insuf)    1.0000     1.0000     1.0000    
SE Manager.Utilization                      .96333     (Insuf)    .00000     1.0000     1.0000    
IdStakeholder.Queue.NumberInQueue           3.1274     (Insuf)    .00000     7.0000     5.0000    

                                             OUTPUTS

Identifier                                   Value
_____________________________________________________________

Projects.NumberIn                           26.000    
Projects.NumberOut                          15.000    
SE Manager.NumberSeized                     24.000    
SE Manager.ScheduledUtilization             .96333    
System.NumberOut                            15.000    

Beginning replication 2 of 10

                                      ARENA Simulation Results
                             lvillar56@alumno.uned.es - License: STUDENT

                                  Summary for Replication 2 of 10

Project: Kanban optimisation                                         Run execution date : 2/27/2017
Analyst: lvillar56@alumno.uned.es                                    Model revision date: 2/27/2017

Replication ended at time      : 24.0 Hours 
Base Time Units: Hours

                                           TALLY VARIABLES

Identifier                                  Average   Half Width  Minimum    Maximum   Observations
___________________________________________________________________________________________________

Projects.VATime                             6.8137     (Insuf)    4.7676     10.071         16    
Projects.NVATime                            .00000     (Insuf)    .00000     .00000         16    
Projects.WaitTime                           2.3078     (Insuf)    .00000     4.7962         16    
Projects.TranTime                           .00000     (Insuf)    .00000     .00000         16    
Projects.OtherTime                          .00000     (Insuf)    .00000     .00000         16    
Projects.TotalTime                          9.1215     (Insuf)    6.1763     13.474         16    
IdStakeholder.Queue.WaitingTime             2.7637     (Insuf)    .00000     5.7751         22    

                                     DISCRETE-CHANGE VARIABLES

Identifier                                  Average   Half Width  Minimum    Maximum   Final Value
___________________________________________________________________________________________________

Projects.WIP                                8.0080     (Insuf)    .00000     13.000     6.0000    
SE Manager.NumberBusy                       .94570     (Insuf)    .00000     1.0000     1.0000    
SE Manager.NumberScheduled                  1.0000     (Insuf)    1.0000     1.0000     1.0000    
SE Manager.Utilization                      .94570     (Insuf)    .00000     1.0000     1.0000    
IdStakeholder.Queue.NumberInQueue           2.5334     (Insuf)    .00000     6.0000     .00000    

                                             OUTPUTS

Identifier                                   Value
_____________________________________________________________

Projects.NumberIn                           22.000    
Projects.NumberOut                          16.000    
SE Manager.NumberSeized                     22.000    
SE Manager.ScheduledUtilization             .94570    
System.NumberOut                            16.000    

Beginning replication 3 of 10

                                      ARENA Simulation Results
                             lvillar56@alumno.uned.es - License: STUDENT

                                  Summary for Replication 3 of 10

Project: Kanban optimisation                                         Run execution date : 2/27/2017
Analyst: lvillar56@alumno.uned.es                                    Model revision date: 2/27/2017

Replication ended at time      : 24.0 Hours 
Base Time Units: Hours

                                           TALLY VARIABLES

Identifier                                  Average   Half Width  Minimum    Maximum   Observations
___________________________________________________________________________________________________

Projects.VATime                             6.6959     (Insuf)    4.7141     10.344         17    
Projects.NVATime                            .00000     (Insuf)    .00000     .00000         17    
Projects.WaitTime                           1.4205     (Insuf)    .00000     3.4656         17    
Projects.TranTime                           .00000     (Insuf)    .00000     .00000         17    
Projects.OtherTime                          .00000     (Insuf)    .00000     .00000         17    
Projects.TotalTime                          8.1165     (Insuf)    4.9443     11.049         17    
IdStakeholder.Queue.WaitingTime             2.2697     (Insuf)    .00000     5.0404         25    

                                     DISCRETE-CHANGE VARIABLES

Identifier                                  Average   Half Width  Minimum    Maximum   Final Value
___________________________________________________________________________________________________

Projects.WIP                                9.0405     (Insuf)    .00000     16.000     14.000    
SE Manager.NumberBusy                       1.0000     (Insuf)    .00000     1.0000     1.0000    
SE Manager.NumberScheduled                  1.0000     (Insuf)    1.0000     1.0000     1.0000    
SE Manager.Utilization                      1.0000     (Insuf)    .00000     1.0000     1.0000    
IdStakeholder.Queue.NumberInQueue           3.2762     (Insuf)    .00000     9.0000     7.0000    

                                             OUTPUTS

Identifier                                   Value
_____________________________________________________________

Projects.NumberIn                           31.000    
Projects.NumberOut                          17.000    
SE Manager.NumberSeized                     25.000    
SE Manager.ScheduledUtilization             1.0000    
System.NumberOut                            17.000    

Beginning replication 4 of 10

                                      ARENA Simulation Results
                             lvillar56@alumno.uned.es - License: STUDENT

                                  Summary for Replication 4 of 10

Project: Kanban optimisation                                         Run execution date : 2/27/2017
Analyst: lvillar56@alumno.uned.es                                    Model revision date: 2/27/2017

Replication ended at time      : 24.0 Hours 
Base Time Units: Hours

                                           TALLY VARIABLES

Identifier                                  Average   Half Width  Minimum    Maximum   Observations
___________________________________________________________________________________________________

Projects.VATime                             6.6800     (Insuf)    5.1105     11.108         11    
Projects.NVATime                            .00000     (Insuf)    .00000     .00000         11    
Projects.WaitTime                           .32214     (Insuf)    .00000     .95371         11    
Projects.TranTime                           .00000     (Insuf)    .00000     .00000         11    
Projects.OtherTime                          .00000     (Insuf)    .00000     .00000         11    
Projects.TotalTime                          7.0021     (Insuf)    5.1105     11.108         11    
IdStakeholder.Queue.WaitingTime             1.6238     (Insuf)    .00000     5.0123         21    

                                     DISCRETE-CHANGE VARIABLES

Identifier                                  Average   Half Width  Minimum    Maximum   Final Value
___________________________________________________________________________________________________

Projects.WIP                                6.7568     (Insuf)    .00000     14.000     14.000    
SE Manager.NumberBusy                       .88401     (Insuf)    .00000     1.0000     1.0000    
SE Manager.NumberScheduled                  1.0000     (Insuf)    1.0000     1.0000     1.0000    
SE Manager.Utilization                      .88401     (Insuf)    .00000     1.0000     1.0000    
IdStakeholder.Queue.NumberInQueue           2.0585     (Insuf)    .00000     7.0000     5.0000    

                                             OUTPUTS

Identifier                                   Value
_____________________________________________________________

Projects.NumberIn                           25.000    
Projects.NumberOut                          11.000    
SE Manager.NumberSeized                     21.000    
SE Manager.ScheduledUtilization             .88401    
System.NumberOut                            11.000    

Beginning replication 5 of 10

                                      ARENA Simulation Results
                             lvillar56@alumno.uned.es - License: STUDENT

                                  Summary for Replication 5 of 10

Project: Kanban optimisation                                         Run execution date : 2/27/2017
Analyst: lvillar56@alumno.uned.es                                    Model revision date: 2/27/2017

Replication ended at time      : 24.0 Hours 
Base Time Units: Hours

                                           TALLY VARIABLES

Identifier                                  Average   Half Width  Minimum    Maximum   Observations
___________________________________________________________________________________________________

Projects.VATime                             6.1929     (Insuf)    4.3991     9.3752         15    
Projects.NVATime                            .00000     (Insuf)    .00000     .00000         15    
Projects.WaitTime                           2.5197     (Insuf)    .00000     4.8191         15    
Projects.TranTime                           .00000     (Insuf)    .00000     .00000         15    
Projects.OtherTime                          .00000     (Insuf)    .00000     .00000         15    
Projects.TotalTime                          8.7127     (Insuf)    5.9514     11.402         15    
IdStakeholder.Queue.WaitingTime             3.9097     (Insuf)    .00000     9.1427         25    

                                     DISCRETE-CHANGE VARIABLES

Identifier                                  Average   Half Width  Minimum    Maximum   Final Value
___________________________________________________________________________________________________

Projects.WIP                                11.333     (Insuf)    .00000     19.000     18.000    
SE Manager.NumberBusy                       .98109     (Insuf)    .00000     1.0000     1.0000    
SE Manager.NumberScheduled                  1.0000     (Insuf)    1.0000     1.0000     1.0000    
SE Manager.Utilization                      .98109     (Insuf)    .00000     1.0000     1.0000    
IdStakeholder.Queue.NumberInQueue           6.2550     (Insuf)    .00000     13.000     12.000    

                                             OUTPUTS

Identifier                                   Value
_____________________________________________________________

Projects.NumberIn                           33.000    
Projects.NumberOut                          15.000    
SE Manager.NumberSeized                     25.000    
SE Manager.ScheduledUtilization             .98109    
System.NumberOut                            15.000    

Beginning replication 6 of 10

                                      ARENA Simulation Results
                             lvillar56@alumno.uned.es - License: STUDENT

                                  Summary for Replication 6 of 10

Project: Kanban optimisation                                         Run execution date : 2/27/2017
Analyst: lvillar56@alumno.uned.es                                    Model revision date: 2/27/2017

Replication ended at time      : 24.0 Hours 
Base Time Units: Hours

                                           TALLY VARIABLES

Identifier                                  Average   Half Width  Minimum    Maximum   Observations
___________________________________________________________________________________________________

Projects.VATime                             7.2478     (Insuf)    4.5027     9.8715         17    
Projects.NVATime                            .00000     (Insuf)    .00000     .00000         17    
Projects.WaitTime                           3.8009     (Insuf)    .00000     7.9497         17    
Projects.TranTime                           .00000     (Insuf)    .00000     .00000         17    
Projects.OtherTime                          .00000     (Insuf)    .00000     .00000         17    
Projects.TotalTime                          11.048     (Insuf)    6.4797     15.437         17    
IdStakeholder.Queue.WaitingTime             4.8554     (Insuf)    .00000     9.6400         23    

                                     DISCRETE-CHANGE VARIABLES

Identifier                                  Average   Half Width  Minimum    Maximum   Final Value
___________________________________________________________________________________________________

Projects.WIP                                13.466     (Insuf)    .00000     24.000     15.000    
SE Manager.NumberBusy                       .98173     (Insuf)    .00000     1.0000     1.0000    
SE Manager.NumberScheduled                  1.0000     (Insuf)    1.0000     1.0000     1.0000    
SE Manager.Utilization                      .98173     (Insuf)    .00000     1.0000     1.0000    
IdStakeholder.Queue.NumberInQueue           7.5513     (Insuf)    .00000     15.000     9.0000    

                                             OUTPUTS

Identifier                                   Value
_____________________________________________________________

Projects.NumberIn                           32.000    
Projects.NumberOut                          17.000    
SE Manager.NumberSeized                     23.000    
SE Manager.ScheduledUtilization             .98173    
System.NumberOut                            17.000    

Beginning replication 7 of 10
SIMAN Run Controller.

19.58096 Hours>
                                      ARENA Simulation Results
                             lvillar56@alumno.uned.es - License: STUDENT

                                  Summary for Replication 7 of 10

Project: Kanban optimisation                                         Run execution date : 2/27/2017
Analyst: lvillar56@alumno.uned.es                                    Model revision date: 2/27/2017

Replication ended at time      : 19.58096 Hours 
Base Time Units: Hours

                                           TALLY VARIABLES

Identifier                                  Average   Half Width  Minimum    Maximum   Observations
___________________________________________________________________________________________________

Projects.VATime                             6.9290     (Insuf)    5.0522     11.546          9    
Projects.NVATime                            .00000     (Insuf)    .00000     .00000          9    
Projects.WaitTime                           2.8404     (Insuf)    .00000     5.6016          9    
Projects.TranTime                           .00000     (Insuf)    .00000     .00000          9    
Projects.OtherTime                          .00000     (Insuf)    .00000     .00000          9    
Projects.TotalTime                          9.7695     (Insuf)    5.8176     12.768          9    
IdStakeholder.Queue.WaitingTime             4.5638     (Insuf)    .00000     8.9585         19    

                                     DISCRETE-CHANGE VARIABLES

Identifier                                  Average   Half Width  Minimum    Maximum   Final Value
___________________________________________________________________________________________________

Projects.WIP                                12.228     (Insuf)    .00000     19.000     19.000    
SE Manager.NumberBusy                       1.0000     (Insuf)    .00000     1.0000     1.0000    
SE Manager.NumberScheduled                  1.0000     (Insuf)    1.0000     1.0000     1.0000    
SE Manager.Utilization                      1.0000     (Insuf)    .00000     1.0000     1.0000    
IdStakeholder.Queue.NumberInQueue           7.2769     (Insuf)    .00000     15.000     13.000    

                                             OUTPUTS

Identifier                                   Value
_____________________________________________________________

Projects.NumberIn                           28.000    
Projects.NumberOut                          9.0000    
SE Manager.NumberSeized                     19.000    
SE Manager.ScheduledUtilization             1.0000    
System.NumberOut                            9.0000    

